{"/Users/avi/Documents/CodeHatcher/Code/hexna/node-sublease/app.js":{"path":"/Users/avi/Documents/CodeHatcher/Code/hexna/node-sublease/app.js","s":{"1":1,"2":1,"3":1,"4":1,"5":1,"6":1,"7":1,"8":1,"9":1,"10":1,"11":1,"12":1,"13":1,"14":1,"15":1,"16":1,"17":0,"18":0,"19":0,"20":0,"21":0,"22":0,"23":0,"24":0,"25":0,"26":0,"27":0,"28":1,"29":1,"30":1,"31":1,"32":0,"33":1,"34":1,"35":1,"36":1,"37":1,"38":1,"39":1},"b":{"1":[0,1],"2":[0,1],"3":[0,0],"4":[0,0],"5":[0,0],"6":[0,1],"7":[0,0]},"f":{"1":0,"2":0,"3":1,"4":1},"fnMap":{"1":{"name":"(anonymous_1)","line":33,"loc":{"start":{"line":33,"column":26},"end":{"line":33,"column":41}}},"2":{"name":"(anonymous_2)","line":42,"loc":{"start":{"line":42,"column":28},"end":{"line":42,"column":44}}},"3":{"name":"(anonymous_3)","line":54,"loc":{"start":{"line":54,"column":8},"end":{"line":54,"column":34}}},"4":{"name":"(anonymous_4)","line":75,"loc":{"start":{"line":75,"column":31},"end":{"line":75,"column":43}}}},"statementMap":{"1":{"start":{"line":3,"column":0},"end":{"line":3,"column":31}},"2":{"start":{"line":4,"column":0},"end":{"line":4,"column":40}},"3":{"start":{"line":5,"column":0},"end":{"line":5,"column":27}},"4":{"start":{"line":6,"column":0},"end":{"line":6,"column":35}},"5":{"start":{"line":7,"column":0},"end":{"line":7,"column":23}},"6":{"start":{"line":8,"column":0},"end":{"line":8,"column":44}},"7":{"start":{"line":9,"column":0},"end":{"line":9,"column":65}},"8":{"start":{"line":10,"column":0},"end":{"line":10,"column":61}},"9":{"start":{"line":11,"column":0},"end":{"line":11,"column":53}},"10":{"start":{"line":12,"column":0},"end":{"line":12,"column":67}},"11":{"start":{"line":13,"column":0},"end":{"line":13,"column":29}},"12":{"start":{"line":14,"column":0},"end":{"line":14,"column":36}},"13":{"start":{"line":18,"column":0},"end":{"line":21,"column":2}},"14":{"start":{"line":24,"column":0},"end":{"line":24,"column":47}},"15":{"start":{"line":27,"column":0},"end":{"line":27,"column":56}},"16":{"start":{"line":30,"column":0},"end":{"line":49,"column":1}},"17":{"start":{"line":31,"column":2},"end":{"line":39,"column":3}},"18":{"start":{"line":32,"column":4},"end":{"line":32,"column":81}},"19":{"start":{"line":33,"column":4},"end":{"line":36,"column":7}},"20":{"start":{"line":34,"column":6},"end":{"line":34,"column":66}},"21":{"start":{"line":35,"column":6},"end":{"line":35,"column":23}},"22":{"start":{"line":38,"column":4},"end":{"line":38,"column":20}},"23":{"start":{"line":41,"column":2},"end":{"line":45,"column":3}},"24":{"start":{"line":42,"column":4},"end":{"line":44,"column":7}},"25":{"start":{"line":43,"column":6},"end":{"line":43,"column":68}},"26":{"start":{"line":46,"column":2},"end":{"line":48,"column":3}},"27":{"start":{"line":47,"column":4},"end":{"line":47,"column":20}},"28":{"start":{"line":52,"column":0},"end":{"line":52,"column":27}},"29":{"start":{"line":53,"column":0},"end":{"line":53,"column":52}},"30":{"start":{"line":54,"column":0},"end":{"line":60,"column":3}},"31":{"start":{"line":55,"column":2},"end":{"line":57,"column":3}},"32":{"start":{"line":56,"column":4},"end":{"line":56,"column":83}},"33":{"start":{"line":59,"column":2},"end":{"line":59,"column":16}},"34":{"start":{"line":63,"column":0},"end":{"line":63,"column":37}},"35":{"start":{"line":66,"column":0},"end":{"line":66,"column":28}},"36":{"start":{"line":69,"column":0},"end":{"line":69,"column":32}},"37":{"start":{"line":72,"column":0},"end":{"line":72,"column":31}},"38":{"start":{"line":75,"column":0},"end":{"line":77,"column":3}},"39":{"start":{"line":76,"column":2},"end":{"line":76,"column":72}}},"branchMap":{"1":{"line":20,"type":"cond-expr","locations":[{"start":{"line":20,"column":53},"end":{"line":20,"column":57}},{"start":{"line":20,"column":60},"end":{"line":20,"column":65}}]},"2":{"line":30,"type":"if","locations":[{"start":{"line":30,"column":0},"end":{"line":30,"column":0}},{"start":{"line":30,"column":0},"end":{"line":30,"column":0}}]},"3":{"line":31,"type":"if","locations":[{"start":{"line":31,"column":2},"end":{"line":31,"column":2}},{"start":{"line":31,"column":2},"end":{"line":31,"column":2}}]},"4":{"line":41,"type":"if","locations":[{"start":{"line":41,"column":2},"end":{"line":41,"column":2}},{"start":{"line":41,"column":2},"end":{"line":41,"column":2}}]},"5":{"line":46,"type":"if","locations":[{"start":{"line":46,"column":2},"end":{"line":46,"column":2}},{"start":{"line":46,"column":2},"end":{"line":46,"column":2}}]},"6":{"line":55,"type":"if","locations":[{"start":{"line":55,"column":2},"end":{"line":55,"column":2}},{"start":{"line":55,"column":2},"end":{"line":55,"column":2}}]},"7":{"line":56,"type":"cond-expr","locations":[{"start":{"line":56,"column":44},"end":{"line":56,"column":77}},{"start":{"line":56,"column":80},"end":{"line":56,"column":82}}]}}},"/Users/avi/Documents/CodeHatcher/Code/hexna/node-sublease/dbs/db.js":{"path":"/Users/avi/Documents/CodeHatcher/Code/hexna/node-sublease/dbs/db.js","s":{"1":1,"2":1,"3":1,"4":1,"5":1,"6":1,"7":0,"8":1,"9":1,"10":1,"11":1,"12":1,"13":1},"b":{},"f":{"1":1,"2":0,"3":1,"4":1,"5":1},"fnMap":{"1":{"name":"(anonymous_1)","line":9,"loc":{"start":{"line":9,"column":36},"end":{"line":9,"column":46}}},"2":{"name":"(anonymous_2)","line":14,"loc":{"start":{"line":14,"column":32},"end":{"line":14,"column":45}},"skip":true},"3":{"name":"(anonymous_3)","line":18,"loc":{"start":{"line":18,"column":39},"end":{"line":18,"column":49}}},"4":{"name":"(anonymous_4)","line":22,"loc":{"start":{"line":22,"column":21},"end":{"line":22,"column":31}}},"5":{"name":"(anonymous_5)","line":23,"loc":{"start":{"line":23,"column":28},"end":{"line":23,"column":38}}}},"statementMap":{"1":{"start":{"line":1,"column":0},"end":{"line":1,"column":35}},"2":{"start":{"line":2,"column":0},"end":{"line":2,"column":37}},"3":{"start":{"line":5,"column":0},"end":{"line":5,"column":31}},"4":{"start":{"line":9,"column":0},"end":{"line":11,"column":3}},"5":{"start":{"line":10,"column":2},"end":{"line":10,"column":55}},"6":{"start":{"line":14,"column":0},"end":{"line":16,"column":3},"skip":true},"7":{"start":{"line":15,"column":2},"end":{"line":15,"column":51},"skip":true},"8":{"start":{"line":18,"column":0},"end":{"line":20,"column":3}},"9":{"start":{"line":19,"column":2},"end":{"line":19,"column":39}},"10":{"start":{"line":22,"column":0},"end":{"line":27,"column":3}},"11":{"start":{"line":23,"column":2},"end":{"line":26,"column":5}},"12":{"start":{"line":24,"column":4},"end":{"line":24,"column":65}},"13":{"start":{"line":25,"column":4},"end":{"line":25,"column":20}}},"branchMap":{}},"/Users/avi/Documents/CodeHatcher/Code/hexna/node-sublease/config.js":{"path":"/Users/avi/Documents/CodeHatcher/Code/hexna/node-sublease/config.js","s":{"1":1,"2":1,"3":1,"4":1,"5":1,"6":0,"7":0,"8":0,"9":0},"b":{"1":[0,1,1,0,0,0,0,0,0,0]},"f":{"1":1},"fnMap":{"1":{"name":"(anonymous_1)","line":3,"loc":{"start":{"line":3,"column":17},"end":{"line":3,"column":27}}}},"statementMap":{"1":{"start":{"line":1,"column":0},"end":{"line":1,"column":40}},"2":{"start":{"line":3,"column":0},"end":{"line":48,"column":4}},"3":{"start":{"line":4,"column":2},"end":{"line":4,"column":60}},"4":{"start":{"line":7,"column":2},"end":{"line":47,"column":3},"skip":true},"5":{"start":{"line":11,"column":6},"end":{"line":17,"column":8},"skip":true},"6":{"start":{"line":20,"column":6},"end":{"line":25,"column":8},"skip":true},"7":{"start":{"line":28,"column":6},"end":{"line":34,"column":8},"skip":true},"8":{"start":{"line":37,"column":6},"end":{"line":43,"column":8},"skip":true},"9":{"start":{"line":45,"column":6},"end":{"line":45,"column":52},"skip":true}},"branchMap":{"1":{"line":7,"type":"switch","locations":[{"start":{"line":8,"column":4},"end":{"line":8,"column":14},"skip":true},{"start":{"line":9,"column":4},"end":{"line":9,"column":19},"skip":true},{"start":{"line":10,"column":4},"end":{"line":17,"column":8},"skip":true},{"start":{"line":18,"column":4},"end":{"line":18,"column":15},"skip":true},{"start":{"line":19,"column":4},"end":{"line":25,"column":8},"skip":true},{"start":{"line":26,"column":4},"end":{"line":26,"column":16},"skip":true},{"start":{"line":27,"column":4},"end":{"line":34,"column":8},"skip":true},{"start":{"line":35,"column":4},"end":{"line":35,"column":16},"skip":true},{"start":{"line":36,"column":4},"end":{"line":43,"column":8},"skip":true},{"start":{"line":44,"column":4},"end":{"line":45,"column":52},"skip":true}]}}},"/Users/avi/Documents/CodeHatcher/Code/hexna/node-sublease/controllers/Template.js":{"path":"/Users/avi/Documents/CodeHatcher/Code/hexna/node-sublease/controllers/Template.js","s":{"1":1,"2":1,"3":1,"4":1,"5":0,"6":0,"7":1,"8":1,"9":1},"b":{"1":[0,1]},"f":{"1":1,"2":1},"fnMap":{"1":{"name":"readAllTemplates","line":3,"loc":{"start":{"line":3,"column":34},"end":{"line":3,"column":77}}},"2":{"name":"(anonymous_2)","line":14,"loc":{"start":{"line":14,"column":8},"end":{"line":14,"column":31}}}},"statementMap":{"1":{"start":{"line":1,"column":0},"end":{"line":1,"column":48}},"2":{"start":{"line":3,"column":0},"end":{"line":21,"column":2}},"3":{"start":{"line":4,"column":2},"end":{"line":4,"column":45}},"4":{"start":{"line":8,"column":2},"end":{"line":11,"column":3}},"5":{"start":{"line":9,"column":4},"end":{"line":9,"column":25}},"6":{"start":{"line":10,"column":4},"end":{"line":10,"column":44}},"7":{"start":{"line":12,"column":2},"end":{"line":19,"column":5}},"8":{"start":{"line":17,"column":4},"end":{"line":17,"column":54}},"9":{"start":{"line":18,"column":4},"end":{"line":18,"column":38}}},"branchMap":{"1":{"line":8,"type":"if","locations":[{"start":{"line":8,"column":2},"end":{"line":8,"column":2}},{"start":{"line":8,"column":2},"end":{"line":8,"column":2}}]}}},"/Users/avi/Documents/CodeHatcher/Code/hexna/node-sublease/models/Template.js":{"path":"/Users/avi/Documents/CodeHatcher/Code/hexna/node-sublease/models/Template.js","s":{"1":1,"2":1,"3":1,"4":1},"b":{},"f":{},"fnMap":{},"statementMap":{"1":{"start":{"line":1,"column":0},"end":{"line":1,"column":35}},"2":{"start":{"line":8,"column":0},"end":{"line":17,"column":3}},"3":{"start":{"line":28,"column":0},"end":{"line":28,"column":58}},"4":{"start":{"line":30,"column":0},"end":{"line":30,"column":26}}},"branchMap":{}}}