TN:
SF:/Users/avi/Documents/CodeHatcher/Code/hexna/node-sublease/app.js
FN:33,(anonymous_1)
FN:42,(anonymous_2)
FN:54,(anonymous_3)
FN:75,(anonymous_4)
FNF:4
FNH:2
FNDA:0,(anonymous_1)
FNDA:0,(anonymous_2)
FNDA:1,(anonymous_3)
FNDA:1,(anonymous_4)
DA:3,1
DA:4,1
DA:5,1
DA:6,1
DA:7,1
DA:8,1
DA:9,1
DA:10,1
DA:11,1
DA:12,1
DA:13,1
DA:14,1
DA:18,1
DA:24,1
DA:27,1
DA:30,1
DA:31,0
DA:32,0
DA:33,0
DA:34,0
DA:35,0
DA:38,0
DA:41,0
DA:42,0
DA:43,0
DA:46,0
DA:47,0
DA:52,1
DA:53,1
DA:54,1
DA:55,1
DA:56,0
DA:59,1
DA:63,1
DA:66,1
DA:69,1
DA:72,1
DA:75,1
DA:76,1
LF:39
LH:27
BRDA:20,1,0,0
BRDA:20,1,1,1
BRDA:30,2,0,0
BRDA:30,2,1,1
BRDA:31,3,0,0
BRDA:31,3,1,0
BRDA:41,4,0,0
BRDA:41,4,1,0
BRDA:46,5,0,0
BRDA:46,5,1,0
BRDA:55,6,0,0
BRDA:55,6,1,1
BRDA:56,7,0,0
BRDA:56,7,1,0
BRF:14
BRH:3
end_of_record
TN:
SF:/Users/avi/Documents/CodeHatcher/Code/hexna/node-sublease/dbs/db.js
FN:9,(anonymous_1)
FN:14,(anonymous_2)
FN:18,(anonymous_3)
FN:22,(anonymous_4)
FN:23,(anonymous_5)
FNF:5
FNH:5
FNDA:1,(anonymous_1)
FNDA:0,(anonymous_2)
FNDA:1,(anonymous_3)
FNDA:1,(anonymous_4)
FNDA:1,(anonymous_5)
DA:1,1
DA:2,1
DA:5,1
DA:9,1
DA:10,1
DA:14,1
DA:15,1
DA:18,1
DA:19,1
DA:22,1
DA:23,1
DA:24,1
DA:25,1
LF:13
LH:13
BRF:0
BRH:0
end_of_record
TN:
SF:/Users/avi/Documents/CodeHatcher/Code/hexna/node-sublease/config.js
FN:3,(anonymous_1)
FNF:1
FNH:1
FNDA:2,(anonymous_1)
DA:1,2
DA:3,2
DA:4,2
DA:7,2
DA:11,2
DA:20,1
DA:28,1
DA:37,1
DA:45,1
LF:9
LH:9
BRDA:7,1,0,0
BRDA:7,1,1,1
BRDA:7,1,2,2
BRDA:7,1,3,0
BRDA:7,1,4,0
BRDA:7,1,5,0
BRDA:7,1,6,0
BRDA:7,1,7,0
BRDA:7,1,8,0
BRDA:7,1,9,0
BRF:10
BRH:10
end_of_record
TN:
SF:/Users/avi/Documents/CodeHatcher/Code/hexna/node-sublease/controllers/Template.js
FN:3,readAllTemplates
FN:14,(anonymous_2)
FNF:2
FNH:2
FNDA:1,readAllTemplates
FNDA:1,(anonymous_2)
DA:1,1
DA:3,1
DA:4,1
DA:8,1
DA:9,0
DA:10,0
DA:12,1
DA:17,1
DA:18,1
LF:9
LH:7
BRDA:8,1,0,0
BRDA:8,1,1,1
BRF:2
BRH:1
end_of_record
TN:
SF:/Users/avi/Documents/CodeHatcher/Code/hexna/node-sublease/models/Template.js
FNF:0
FNH:0
DA:1,1
DA:8,1
DA:28,1
DA:30,1
LF:4
LH:4
BRF:0
BRH:0
end_of_record
TN:
SF:/Users/avi/Documents/CodeHatcher/Code/hexna/node-sublease/specs/integration/templateSpec.js
FN:10,(anonymous_1)
FN:11,(anonymous_2)
FN:16,(anonymous_3)
FNF:3
FNH:3
FNDA:1,(anonymous_1)
FNDA:1,(anonymous_2)
FNDA:1,(anonymous_3)
DA:1,1
DA:2,1
DA:4,1
DA:5,1
DA:10,1
DA:11,1
DA:12,1
DA:17,1
DA:18,1
DA:19,1
DA:20,1
DA:21,1
LF:12
LH:12
BRF:0
BRH:0
end_of_record
TN:
SF:/Users/avi/Documents/CodeHatcher/Code/hexna/node-sublease/specs/unit/templateSpec.js
FN:7,(anonymous_1)
FN:8,(anonymous_2)
FNF:2
FNH:2
FNDA:1,(anonymous_1)
FNDA:1,(anonymous_2)
DA:1,1
DA:7,1
DA:8,1
DA:9,1
LF:4
LH:4
BRF:0
BRH:0
end_of_record
