{"/Users/avi/Documents/CodeHatcher/Code/hexna/node-sublease/specs/integration/templateSpec.js":{"path":"/Users/avi/Documents/CodeHatcher/Code/hexna/node-sublease/specs/integration/templateSpec.js","s":{"1":1,"2":1,"3":1,"4":1,"5":1,"6":1,"7":1,"8":1,"9":1,"10":1,"11":1,"12":1},"b":{},"f":{"1":1,"2":1,"3":1},"fnMap":{"1":{"name":"(anonymous_1)","line":10,"loc":{"start":{"line":10,"column":23},"end":{"line":10,"column":34}}},"2":{"name":"(anonymous_2)","line":11,"loc":{"start":{"line":11,"column":41},"end":{"line":11,"column":56}}},"3":{"name":"(anonymous_3)","line":16,"loc":{"start":{"line":16,"column":9},"end":{"line":16,"column":22}}}},"statementMap":{"1":{"start":{"line":1,"column":0},"end":{"line":1,"column":34}},"2":{"start":{"line":2,"column":0},"end":{"line":2,"column":40}},"3":{"start":{"line":4,"column":0},"end":{"line":4,"column":60}},"4":{"start":{"line":5,"column":0},"end":{"line":5,"column":17}},"5":{"start":{"line":10,"column":0},"end":{"line":24,"column":3}},"6":{"start":{"line":11,"column":2},"end":{"line":23,"column":5}},"7":{"start":{"line":12,"column":4},"end":{"line":22,"column":7}},"8":{"start":{"line":17,"column":6},"end":{"line":17,"column":38}},"9":{"start":{"line":18,"column":6},"end":{"line":18,"column":62}},"10":{"start":{"line":19,"column":6},"end":{"line":19,"column":43}},"11":{"start":{"line":20,"column":6},"end":{"line":20,"column":45}},"12":{"start":{"line":21,"column":6},"end":{"line":21,"column":13}}},"branchMap":{}},"/Users/avi/Documents/CodeHatcher/Code/hexna/node-sublease/config.js":{"path":"/Users/avi/Documents/CodeHatcher/Code/hexna/node-sublease/config.js","s":{"1":1,"2":1,"3":1,"4":1,"5":1,"6":0,"7":0,"8":0,"9":0},"b":{"1":[0,0,1,0,0,0,0,0,0,0]},"f":{"1":1},"fnMap":{"1":{"name":"(anonymous_1)","line":3,"loc":{"start":{"line":3,"column":17},"end":{"line":3,"column":27}}}},"statementMap":{"1":{"start":{"line":1,"column":0},"end":{"line":1,"column":40}},"2":{"start":{"line":3,"column":0},"end":{"line":48,"column":4}},"3":{"start":{"line":4,"column":2},"end":{"line":4,"column":60}},"4":{"start":{"line":7,"column":2},"end":{"line":47,"column":3},"skip":true},"5":{"start":{"line":11,"column":6},"end":{"line":17,"column":8},"skip":true},"6":{"start":{"line":20,"column":6},"end":{"line":25,"column":8},"skip":true},"7":{"start":{"line":28,"column":6},"end":{"line":34,"column":8},"skip":true},"8":{"start":{"line":37,"column":6},"end":{"line":43,"column":8},"skip":true},"9":{"start":{"line":45,"column":6},"end":{"line":45,"column":52},"skip":true}},"branchMap":{"1":{"line":7,"type":"switch","locations":[{"start":{"line":8,"column":4},"end":{"line":8,"column":14},"skip":true},{"start":{"line":9,"column":4},"end":{"line":9,"column":19},"skip":true},{"start":{"line":10,"column":4},"end":{"line":17,"column":8},"skip":true},{"start":{"line":18,"column":4},"end":{"line":18,"column":15},"skip":true},{"start":{"line":19,"column":4},"end":{"line":25,"column":8},"skip":true},{"start":{"line":26,"column":4},"end":{"line":26,"column":16},"skip":true},{"start":{"line":27,"column":4},"end":{"line":34,"column":8},"skip":true},{"start":{"line":35,"column":4},"end":{"line":35,"column":16},"skip":true},{"start":{"line":36,"column":4},"end":{"line":43,"column":8},"skip":true},{"start":{"line":44,"column":4},"end":{"line":45,"column":52},"skip":true}]}}},"/Users/avi/Documents/CodeHatcher/Code/hexna/node-sublease/specs/unit/templateSpec.js":{"path":"/Users/avi/Documents/CodeHatcher/Code/hexna/node-sublease/specs/unit/templateSpec.js","s":{"1":1,"2":1,"3":1,"4":1},"b":{},"f":{"1":1,"2":1},"fnMap":{"1":{"name":"(anonymous_1)","line":7,"loc":{"start":{"line":7,"column":21},"end":{"line":7,"column":32}}},"2":{"name":"(anonymous_2)","line":8,"loc":{"start":{"line":8,"column":39},"end":{"line":8,"column":50}}}},"statementMap":{"1":{"start":{"line":1,"column":0},"end":{"line":1,"column":39}},"2":{"start":{"line":7,"column":0},"end":{"line":12,"column":3}},"3":{"start":{"line":8,"column":2},"end":{"line":11,"column":5}},"4":{"start":{"line":9,"column":4},"end":{"line":9,"column":35}}},"branchMap":{}}}